<?xml version="1.0" encoding="UTF-8"?>
<testsuite name="ru.bmstu.iu4.SnakeTest" tests="1" skipped="0" failures="0" errors="0" timestamp="2020-11-07T10:17:06" hostname="DESKTOP-HTHBLUQ" time="0.017">
  <properties/>
  <testcase name="testMoveDown" classname="ru.bmstu.iu4.SnakeTest" time="0.017"/>
  <system-out><![CDATA[------------
|          |
|          |
|o         |
|          |
|     **** |
|          |
|          |
|          |
|          |
|          |
------------
------------
|          |
|          |
|o         |
|          |
|     ***  |
|     *    |
|          |
|          |
|          |
|          |
------------
]]></system-out>
  <system-err><![CDATA[]]></system-err>
</testsuite>
